
*** Running vivado
    with args -log Memory.vds -m64 -product Vivado -mode batch -messageDb vivado.pb -notrace -source Memory.tcl


Commande ECHO d‚sactiv‚e.
Commande ECHO d‚sactiv‚e.

****** Vivado v2023.2 (64-bit)
  **** SW Build 4029153 on Fri Oct 13 20:14:34 MDT 2023
  **** IP Build 4028589 on Sat Oct 14 00:45:43 MDT 2023
  **** SharedData Build 4025554 on Tue Oct 10 17:18:54 MDT 2023
    ** Copyright 1986-2022 Xilinx, Inc. All Rights Reserved.
    ** Copyright 2022-2023 Advanced Micro Devices, Inc. All Rights Reserved.

source Memory.tcl -notrace
create_project: Time (s): cpu = 00:00:06 ; elapsed = 00:00:11 . Memory (MB): peak = 504.078 ; gain = 218.117
Command: read_checkpoint -auto_incremental -incremental {C:/Users/glenn/OneDrive/Bureau/Dossier Glen/2A/Semestre 2/VHDL/TP2/memory/memory/memory.srcs/utils_1/imports/synth_1/Memory.dcp}
INFO: [Vivado 12-5825] Read reference checkpoint from C:/Users/glenn/OneDrive/Bureau/Dossier Glen/2A/Semestre 2/VHDL/TP2/memory/memory/memory.srcs/utils_1/imports/synth_1/Memory.dcp for incremental synthesis
INFO: [Vivado 12-7989] Please ensure there are no constraint changes
Command: synth_design -top Memory -part xc7a35tcpg236-1
Starting synth_design
Attempting to get a license for feature 'Synthesis' and/or device 'xc7a35t'
INFO: [Common 17-349] Got license for feature 'Synthesis' and/or device 'xc7a35t'
INFO: [Synth 8-7079] Multithreading enabled for synth_design using a maximum of 2 processes.
INFO: [Synth 8-7078] Launching helper process for spawning children vivado processes
INFO: [Synth 8-7075] Helper process launched with PID 15104
---------------------------------------------------------------------------------
Starting Synthesize : Time (s): cpu = 00:00:04 ; elapsed = 00:00:09 . Memory (MB): peak = 952.328 ; gain = 436.594
---------------------------------------------------------------------------------
INFO: [Synth 8-638] synthesizing module 'Memory' [C:/Users/glenn/OneDrive/Bureau/Dossier Glen/2A/Semestre 2/VHDL/TP2/memory/memory/memory.srcs/sources_1/new/Memory.vhd:15]
WARNING: [Synth 8-614] signal 'counter' is read in the process but is not in the sensitivity list [C:/Users/glenn/OneDrive/Bureau/Dossier Glen/2A/Semestre 2/VHDL/TP2/memory/memory/memory.srcs/sources_1/new/Memory.vhd:24]
INFO: [Synth 8-256] done synthesizing module 'Memory' (0#1) [C:/Users/glenn/OneDrive/Bureau/Dossier Glen/2A/Semestre 2/VHDL/TP2/memory/memory/memory.srcs/sources_1/new/Memory.vhd:15]
---------------------------------------------------------------------------------
Finished Synthesize : Time (s): cpu = 00:00:05 ; elapsed = 00:00:13 . Memory (MB): peak = 1059.477 ; gain = 543.742
---------------------------------------------------------------------------------
---------------------------------------------------------------------------------
Finished Constraint Validation : Time (s): cpu = 00:00:05 ; elapsed = 00:00:14 . Memory (MB): peak = 1059.477 ; gain = 543.742
---------------------------------------------------------------------------------
---------------------------------------------------------------------------------
Start Loading Part and Timing Information
---------------------------------------------------------------------------------
Loading part: xc7a35tcpg236-1
---------------------------------------------------------------------------------
Finished Loading Part and Timing Information : Time (s): cpu = 00:00:05 ; elapsed = 00:00:14 . Memory (MB): peak = 1059.477 ; gain = 543.742
---------------------------------------------------------------------------------
INFO: [Device 21-403] Loading part xc7a35tcpg236-1
---------------------------------------------------------------------------------
Start Preparing Guide Design
---------------------------------------------------------------------------------
CRITICAL WARNING: [Synth 8-6895] The reference checkpoint C:/Users/glenn/OneDrive/Bureau/Dossier Glen/2A/Semestre 2/VHDL/TP2/memory/memory/memory.srcs/utils_1/imports/synth_1/Memory.dcp is not suitable for use with incremental synthesis for this design. Please regenerate the checkpoint for this design with -incremental_synth switch in the same Vivado session that synth_design has been run. Synthesis will continue with the default flow
---------------------------------------------------------------------------------
Finished Doing Graph Differ : Time (s): cpu = 00:00:06 ; elapsed = 00:00:14 . Memory (MB): peak = 1059.477 ; gain = 543.742
---------------------------------------------------------------------------------
---------------------------------------------------------------------------------
Finished Preparing Guide Design : Time (s): cpu = 00:00:06 ; elapsed = 00:00:14 . Memory (MB): peak = 1059.477 ; gain = 543.742
---------------------------------------------------------------------------------
WARNING: [Synth 8-327] inferring latch for variable 'memory_reg[9]' [C:/Users/glenn/OneDrive/Bureau/Dossier Glen/2A/Semestre 2/VHDL/TP2/memory/memory/memory.srcs/sources_1/new/Memory.vhd:29]
WARNING: [Synth 8-327] inferring latch for variable 'memory_reg[8]' [C:/Users/glenn/OneDrive/Bureau/Dossier Glen/2A/Semestre 2/VHDL/TP2/memory/memory/memory.srcs/sources_1/new/Memory.vhd:29]
WARNING: [Synth 8-327] inferring latch for variable 'memory_reg[7]' [C:/Users/glenn/OneDrive/Bureau/Dossier Glen/2A/Semestre 2/VHDL/TP2/memory/memory/memory.srcs/sources_1/new/Memory.vhd:29]
WARNING: [Synth 8-327] inferring latch for variable 'memory_reg[6]' [C:/Users/glenn/OneDrive/Bureau/Dossier Glen/2A/Semestre 2/VHDL/TP2/memory/memory/memory.srcs/sources_1/new/Memory.vhd:29]
WARNING: [Synth 8-327] inferring latch for variable 'memory_reg[5]' [C:/Users/glenn/OneDrive/Bureau/Dossier Glen/2A/Semestre 2/VHDL/TP2/memory/memory/memory.srcs/sources_1/new/Memory.vhd:29]
WARNING: [Synth 8-327] inferring latch for variable 'memory_reg[4]' [C:/Users/glenn/OneDrive/Bureau/Dossier Glen/2A/Semestre 2/VHDL/TP2/memory/memory/memory.srcs/sources_1/new/Memory.vhd:29]
WARNING: [Synth 8-327] inferring latch for variable 'memory_reg[3]' [C:/Users/glenn/OneDrive/Bureau/Dossier Glen/2A/Semestre 2/VHDL/TP2/memory/memory/memory.srcs/sources_1/new/Memory.vhd:29]
WARNING: [Synth 8-327] inferring latch for variable 'memory_reg[2]' [C:/Users/glenn/OneDrive/Bureau/Dossier Glen/2A/Semestre 2/VHDL/TP2/memory/memory/memory.srcs/sources_1/new/Memory.vhd:29]
WARNING: [Synth 8-327] inferring latch for variable 'memory_reg[1]' [C:/Users/glenn/OneDrive/Bureau/Dossier Glen/2A/Semestre 2/VHDL/TP2/memory/memory/memory.srcs/sources_1/new/Memory.vhd:29]
WARNING: [Synth 8-327] inferring latch for variable 'memory_reg[0]' [C:/Users/glenn/OneDrive/Bureau/Dossier Glen/2A/Semestre 2/VHDL/TP2/memory/memory/memory.srcs/sources_1/new/Memory.vhd:29]
WARNING: [Synth 8-327] inferring latch for variable 'counter_reg' [C:/Users/glenn/OneDrive/Bureau/Dossier Glen/2A/Semestre 2/VHDL/TP2/memory/memory/memory.srcs/sources_1/new/Memory.vhd:31]
---------------------------------------------------------------------------------
Finished RTL Optimization Phase 2 : Time (s): cpu = 00:00:06 ; elapsed = 00:00:14 . Memory (MB): peak = 1059.477 ; gain = 543.742
---------------------------------------------------------------------------------


Incremental Synthesis Report Summary:

1. Incremental synthesis run: no

   Reason for not running incremental synthesis : 


INFO: [Synth 8-7130] Flow is switching to default flow due to incremental criteria not met. If you would like to alter this behaviour and have the flow terminate instead, please set the following parameter config_implementation {autoIncr.Synth.RejectBehavior Terminate}
No constraint files found.
---------------------------------------------------------------------------------
Start RTL Component Statistics 
---------------------------------------------------------------------------------
Detailed RTL Component Info : 
+---Adders : 
	   2 Input   32 Bit       Adders := 1     
+---Muxes : 
	   2 Input    1 Bit        Muxes := 4     
---------------------------------------------------------------------------------
Finished RTL Component Statistics 
---------------------------------------------------------------------------------
---------------------------------------------------------------------------------
Start Part Resource Summary
---------------------------------------------------------------------------------
Part Resources:
DSPs: 90 (col length:60)
BRAMs: 100 (col length: RAMB18 60 RAMB36 30)
---------------------------------------------------------------------------------
Finished Part Resource Summary
---------------------------------------------------------------------------------
No constraint files found.
---------------------------------------------------------------------------------
Start Cross Boundary and Area Optimization
---------------------------------------------------------------------------------
WARNING: [Synth 8-7080] Parallel synthesis criteria is not met
---------------------------------------------------------------------------------
Finished Cross Boundary and Area Optimization : Time (s): cpu = 00:00:09 ; elapsed = 00:00:24 . Memory (MB): peak = 1239.738 ; gain = 724.004
---------------------------------------------------------------------------------
No constraint files found.
---------------------------------------------------------------------------------
Start Timing Optimization
---------------------------------------------------------------------------------
---------------------------------------------------------------------------------
Finished Timing Optimization : Time (s): cpu = 00:00:09 ; elapsed = 00:00:25 . Memory (MB): peak = 1241.125 ; gain = 725.391
---------------------------------------------------------------------------------
---------------------------------------------------------------------------------
Start Technology Mapping
---------------------------------------------------------------------------------
---------------------------------------------------------------------------------
Finished Technology Mapping : Time (s): cpu = 00:00:09 ; elapsed = 00:00:25 . Memory (MB): peak = 1241.125 ; gain = 725.391
---------------------------------------------------------------------------------
---------------------------------------------------------------------------------
Start IO Insertion
---------------------------------------------------------------------------------
---------------------------------------------------------------------------------
Start Flattening Before IO Insertion
---------------------------------------------------------------------------------
---------------------------------------------------------------------------------
Finished Flattening Before IO Insertion
---------------------------------------------------------------------------------
---------------------------------------------------------------------------------
Start Final Netlist Cleanup
---------------------------------------------------------------------------------
---------------------------------------------------------------------------------
Finished Final Netlist Cleanup
---------------------------------------------------------------------------------
---------------------------------------------------------------------------------
Finished IO Insertion : Time (s): cpu = 00:00:14 ; elapsed = 00:00:33 . Memory (MB): peak = 1242.148 ; gain = 726.414
---------------------------------------------------------------------------------
---------------------------------------------------------------------------------
Start Renaming Generated Instances
---------------------------------------------------------------------------------
---------------------------------------------------------------------------------
Finished Renaming Generated Instances : Time (s): cpu = 00:00:14 ; elapsed = 00:00:33 . Memory (MB): peak = 1242.148 ; gain = 726.414
---------------------------------------------------------------------------------
---------------------------------------------------------------------------------
Start Rebuilding User Hierarchy
---------------------------------------------------------------------------------
---------------------------------------------------------------------------------
Finished Rebuilding User Hierarchy : Time (s): cpu = 00:00:14 ; elapsed = 00:00:33 . Memory (MB): peak = 1242.148 ; gain = 726.414
---------------------------------------------------------------------------------
---------------------------------------------------------------------------------
Start Renaming Generated Ports
---------------------------------------------------------------------------------
---------------------------------------------------------------------------------
Finished Renaming Generated Ports : Time (s): cpu = 00:00:14 ; elapsed = 00:00:33 . Memory (MB): peak = 1242.148 ; gain = 726.414
---------------------------------------------------------------------------------
---------------------------------------------------------------------------------
Start Handling Custom Attributes
---------------------------------------------------------------------------------
---------------------------------------------------------------------------------
Finished Handling Custom Attributes : Time (s): cpu = 00:00:14 ; elapsed = 00:00:33 . Memory (MB): peak = 1242.148 ; gain = 726.414
---------------------------------------------------------------------------------
---------------------------------------------------------------------------------
Start Renaming Generated Nets
---------------------------------------------------------------------------------
---------------------------------------------------------------------------------
Finished Renaming Generated Nets : Time (s): cpu = 00:00:14 ; elapsed = 00:00:33 . Memory (MB): peak = 1242.148 ; gain = 726.414
---------------------------------------------------------------------------------
---------------------------------------------------------------------------------
Start Writing Synthesis Report
---------------------------------------------------------------------------------

Report BlackBoxes: 
+-+--------------+----------+
| |BlackBox name |Instances |
+-+--------------+----------+
+-+--------------+----------+

Report Cell Usage: 
+------+-------+------+
|      |Cell   |Count |
+------+-------+------+
|1     |BUFG   |     1|
|2     |CARRY4 |    12|
|3     |LUT1   |     3|
|4     |LUT2   |    16|
|5     |LUT4   |     4|
|6     |LUT5   |    13|
|7     |LUT6   |     1|
|8     |LDC    |   192|
|9     |IBUF   |    18|
|10    |OBUF   |   176|
+------+-------+------+

Report Instance Areas: 
+------+---------+-------+------+
|      |Instance |Module |Cells |
+------+---------+-------+------+
|1     |top      |       |   436|
+------+---------+-------+------+
---------------------------------------------------------------------------------
Finished Writing Synthesis Report : Time (s): cpu = 00:00:14 ; elapsed = 00:00:33 . Memory (MB): peak = 1242.148 ; gain = 726.414
---------------------------------------------------------------------------------
Synthesis finished with 0 errors, 1 critical warnings and 13 warnings.
Synthesis Optimization Runtime : Time (s): cpu = 00:00:14 ; elapsed = 00:00:33 . Memory (MB): peak = 1242.148 ; gain = 726.414
Synthesis Optimization Complete : Time (s): cpu = 00:00:14 ; elapsed = 00:00:33 . Memory (MB): peak = 1242.148 ; gain = 726.414
INFO: [Project 1-571] Translating synthesized netlist
Netlist sorting complete. Time (s): cpu = 00:00:00 ; elapsed = 00:00:00.007 . Memory (MB): peak = 1254.184 ; gain = 0.000
INFO: [Netlist 29-17] Analyzing 204 Unisim elements for replacement
INFO: [Netlist 29-28] Unisim Transformation completed in 0 CPU seconds
INFO: [Project 1-570] Preparing netlist for logic optimization
INFO: [Opt 31-138] Pushed 0 inverter(s) to 0 load pin(s).
Netlist sorting complete. Time (s): cpu = 00:00:00 ; elapsed = 00:00:00 . Memory (MB): peak = 1348.613 ; gain = 0.000
INFO: [Project 1-111] Unisim Transformation Summary:
  A total of 192 instances were transformed.
  LDC => LDCE: 192 instances

AccŠs refus‚.
Synth Design complete | Checksum: 6485bbd5
INFO: [Common 17-83] Releasing license: Synthesis
17 Infos, 13 Warnings, 1 Critical Warnings and 0 Errors encountered.
synth_design completed successfully
synth_design: Time (s): cpu = 00:00:16 ; elapsed = 00:00:38 . Memory (MB): peak = 1348.613 ; gain = 839.535
INFO: [runtcl-6] Synthesis results are not added to the cache due to CRITICAL_WARNING
Write ShapeDB Complete: Time (s): cpu = 00:00:00 ; elapsed = 00:00:00.006 . Memory (MB): peak = 1348.613 ; gain = 0.000
INFO: [Common 17-1381] The checkpoint 'C:/Users/glenn/OneDrive/Bureau/Dossier Glen/2A/Semestre 2/VHDL/TP2/memory/memory/memory.runs/synth_1/Memory.dcp' has been generated.
INFO: [runtcl-4] Executing : report_utilization -file Memory_utilization_synth.rpt -pb Memory_utilization_synth.pb
INFO: [Common 17-206] Exiting Vivado at Thu Mar 14 10:53:51 2024...
